Class Dosyası Bulunamadı !:C:/wamp/www/shframework/app/controllers/deneme/a.php18-09-2016 03:40:39
Class Dosyası Bulunamadı !:C:/wamp/www/shframework/app/controllers/deneme/a.php18-09-2016 03:40:48
Class Dosyası Bulunamadı !:C:/wamp/www/shframework/app/controllers/deneme/a.php18-09-2016 03:40:49
Class Dosyası Bulunamadı !:C:/wamp/www/shframework/app/controllers/deneme/a.php18-09-2016 03:40:49
18-09-2016 03:41:46 - Class Dosyası Bulunamadı !:C:/wamp/www/shframework/app/controllers/deneme/a.php
18-09-2016 03:41:46 - Class Dosyası Bulunamadı !:C:/wamp/www/shframework/app/controllers/deneme/a.php
22-05-2017 00:10:59 - Class Dosyası Bulunamadı !:admin_gizli_uyeler_controller
22-05-2017 00:31:44 - Class Dosyası Bulunamadı !:admin_gizli_uyeler_Controller
22-05-2017 00:32:29 - Class Dosyası Bulunamadı !:admin_gizli_uyeler_Controller
22-05-2017 00:32:59 - Class Dosyası Bulunamadı !:admin_gizli_uyeler_Controller
22-05-2017 00:33:38 - Class Dosyası Bulunamadı !:admin_gizli_uyeler_Controller
22-05-2017 00:34:23 - Class Dosyası Bulunamadı !:admin_gizli_uyeler_Controller
22-05-2017 00:34:26 - Class Dosyası Bulunamadı !:admin_gizli_uyeler_Controller
22-05-2017 00:34:43 - Class Dosyası Bulunamadı !:admin_gizli_uyeler_Controller
22-05-2017 00:34:50 - Class Dosyası Bulunamadı !:admin_gizli_uyeler_Controller
22-05-2017 00:35:11 - Class Dosyası Bulunamadı !:admin_gizli_uyeler_Controller
22-05-2017 00:35:13 - Class Dosyası Bulunamadı !:admin_gizli_uyeler_Controller
22-05-2017 00:35:31 - Class Dosyası Bulunamadı !:admin_gizli_uyeler_Controller
22-05-2017 00:35:32 - Class Dosyası Bulunamadı !:admin_gizli_uyeler_Controller
22-05-2017 00:35:32 - Class Dosyası Bulunamadı !:admin_gizli_uyeler_Controller
22-05-2017 00:35:33 - Class Dosyası Bulunamadı !:admin_gizli_uyeler_Controller
22-05-2017 00:35:33 - Class Dosyası Bulunamadı !:admin_gizli_uyeler_Controller
22-05-2017 00:35:39 - Class Dosyası Bulunamadı !:admin_gizli_uyeler_Controller
22-05-2017 00:35:40 - Class Dosyası Bulunamadı !:admin_gizli_uyeler_Controller
22-05-2017 00:35:42 - Class Dosyası Bulunamadı !:admin_gizli_uyeler_Controller
22-05-2017 00:35:57 - Class Dosyası Bulunamadı !:admin_gizli_uyeler_Controller
22-05-2017 00:36:09 - Class Dosyası Bulunamadı !:admin_gizli_uyeler_Controller
22-05-2017 00:36:11 - Class Dosyası Bulunamadı !:admin_gizli_uyeler_Controller
22-05-2017 00:36:11 - Class Dosyası Bulunamadı !:admin_gizli_uyeler_Controller
22-05-2017 00:36:11 - Class Dosyası Bulunamadı !:admin_gizli_uyeler_Controller
22-05-2017 00:36:12 - Class Dosyası Bulunamadı !:admin_gizli_uyeler_Controller
24-05-2017 02:18:05 - Default: (index) controller clasi mevcut degil !
24-05-2017 02:19:47 - Default: (index) controller clasi mevcut degil !
25-05-2017 14:42:29 - Class Dosyası Bulunamadı ! :Models\Kisiler_Model
29-09-2017 11:17:33 - Class Dosyası Bulunamadı ! :Models\Kisiler_Model
17-09-2018 13:45:07 - Class Dosyası Bulunamadı ! :Models\Kisiler_Model
17-09-2018 13:49:50 - Default: (index) controller clasi mevcut degil !
17-09-2018 13:50:07 - Default: (index) controller clasi mevcut degil !
17-09-2018 13:50:15 - Default: (index) controller clasi mevcut degil !
17-09-2018 13:50:45 - Default: (index) controller clasi mevcut degil !
